<?xml version="1.0" encoding="UTF-8"?>
<testsuite name="AIMA.AppTest" tests="1" skipped="0" failures="0" errors="0" timestamp="2019-11-12T02:18:45" hostname="5CG5432Y1D" time="0.008">
  <properties/>
  <testcase name="testAppHasAGreeting" classname="AIMA.AppTest" time="0.008"/>
  <system-out><![CDATA[]]></system-out>
  <system-err><![CDATA[]]></system-err>
</testsuite>
